2022-05-12 08:38:52.778  INFO 11644 --- [restartedMain] com.project.music.TrackApplication       : Starting TrackApplication using Java 17.0.2 on DESKTOP-8DTJ75I with PID 11644 (E:\Music-REST-API\target\classes started by NoirPhantom in E:\Music-REST-API)
2022-05-12 08:38:52.805  INFO 11644 --- [restartedMain] com.project.music.TrackApplication       : No active profile set, falling back to 1 default profile: "default"
2022-05-12 08:38:52.860  INFO 11644 --- [restartedMain] .e.DevToolsPropertyDefaultsPostProcessor : Devtools property defaults active! Set 'spring.devtools.add-properties' to 'false' to disable
2022-05-12 08:38:52.861  INFO 11644 --- [restartedMain] .e.DevToolsPropertyDefaultsPostProcessor : For additional web related logging consider setting the 'logging.level.web' property to 'DEBUG'
2022-05-12 08:38:53.525  INFO 11644 --- [restartedMain] .s.d.r.c.RepositoryConfigurationDelegate : Bootstrapping Spring Data JPA repositories in DEFAULT mode.
2022-05-12 08:38:53.578  INFO 11644 --- [restartedMain] .s.d.r.c.RepositoryConfigurationDelegate : Finished Spring Data repository scanning in 43 ms. Found 1 JPA repository interfaces.
2022-05-12 08:38:54.240  INFO 11644 --- [restartedMain] o.s.b.w.embedded.tomcat.TomcatWebServer  : Tomcat initialized with port(s): 8080 (http)
2022-05-12 08:38:54.254  INFO 11644 --- [restartedMain] o.apache.catalina.core.StandardService   : Starting service [Tomcat]
2022-05-12 08:38:54.255  INFO 11644 --- [restartedMain] org.apache.catalina.core.StandardEngine  : Starting Servlet engine: [Apache Tomcat/9.0.62]
2022-05-12 08:38:54.330  INFO 11644 --- [restartedMain] o.a.c.c.C.[Tomcat].[localhost].[/]       : Initializing Spring embedded WebApplicationContext
2022-05-12 08:38:54.331  INFO 11644 --- [restartedMain] w.s.c.ServletWebServerApplicationContext : Root WebApplicationContext: initialization completed in 1453 ms
2022-05-12 08:38:54.643  INFO 11644 --- [restartedMain] o.hibernate.jpa.internal.util.LogHelper  : HHH000204: Processing PersistenceUnitInfo [name: default]
2022-05-12 08:38:54.730  INFO 11644 --- [restartedMain] org.hibernate.Version                    : HHH000412: Hibernate ORM core version 5.6.8.Final
2022-05-12 08:38:54.917  INFO 11644 --- [restartedMain] o.hibernate.annotations.common.Version   : HCANN000001: Hibernate Commons Annotations {5.1.2.Final}
2022-05-12 08:38:55.027  INFO 11644 --- [restartedMain] com.zaxxer.hikari.HikariDataSource       : HikariPool-1 - Starting...
2022-05-12 08:38:55.791  INFO 11644 --- [restartedMain] com.zaxxer.hikari.HikariDataSource       : HikariPool-1 - Start completed.
2022-05-12 08:38:55.810  INFO 11644 --- [restartedMain] org.hibernate.dialect.Dialect            : HHH000400: Using dialect: org.hibernate.dialect.MySQL5InnoDBDialect
2022-05-12 08:38:56.842  INFO 11644 --- [restartedMain] o.h.e.t.j.p.i.JtaPlatformInitiator       : HHH000490: Using JtaPlatform implementation: [org.hibernate.engine.transaction.jta.platform.internal.NoJtaPlatform]
2022-05-12 08:38:56.848  INFO 11644 --- [restartedMain] j.LocalContainerEntityManagerFactoryBean : Initialized JPA EntityManagerFactory for persistence unit 'default'
2022-05-12 08:38:57.201  WARN 11644 --- [restartedMain] JpaBaseConfiguration$JpaWebConfiguration : spring.jpa.open-in-view is enabled by default. Therefore, database queries may be performed during view rendering. Explicitly configure spring.jpa.open-in-view to disable this warning
2022-05-12 08:38:58.260  INFO 11644 --- [restartedMain] o.s.b.d.a.OptionalLiveReloadServer       : LiveReload server is running on port 35729
2022-05-12 08:38:58.318  INFO 11644 --- [restartedMain] o.s.b.w.embedded.tomcat.TomcatWebServer  : Tomcat started on port(s): 8080 (http) with context path ''
2022-05-12 08:38:58.329  INFO 11644 --- [restartedMain] com.project.music.TrackApplication       : Started TrackApplication in 6.007 seconds (JVM running for 6.439)
2022-05-12 08:48:53.296  INFO 27052 --- [restartedMain] com.project.music.TrackApplication       : Starting TrackApplication using Java 17.0.2 on DESKTOP-8DTJ75I with PID 27052 (E:\Music-REST-API\target\classes started by NoirPhantom in E:\Music-REST-API)
2022-05-12 08:48:53.298  INFO 27052 --- [restartedMain] com.project.music.TrackApplication       : No active profile set, falling back to 1 default profile: "default"
2022-05-12 08:48:53.335  INFO 27052 --- [restartedMain] .e.DevToolsPropertyDefaultsPostProcessor : Devtools property defaults active! Set 'spring.devtools.add-properties' to 'false' to disable
2022-05-12 08:48:53.336  INFO 27052 --- [restartedMain] .e.DevToolsPropertyDefaultsPostProcessor : For additional web related logging consider setting the 'logging.level.web' property to 'DEBUG'
2022-05-12 08:48:53.871  INFO 27052 --- [restartedMain] .s.d.r.c.RepositoryConfigurationDelegate : Bootstrapping Spring Data JPA repositories in DEFAULT mode.
2022-05-12 08:48:53.912  INFO 27052 --- [restartedMain] .s.d.r.c.RepositoryConfigurationDelegate : Finished Spring Data repository scanning in 34 ms. Found 1 JPA repository interfaces.
2022-05-12 08:48:54.568  INFO 27052 --- [restartedMain] o.s.b.w.embedded.tomcat.TomcatWebServer  : Tomcat initialized with port(s): 8080 (http)
2022-05-12 08:48:54.582  INFO 27052 --- [restartedMain] o.apache.catalina.core.StandardService   : Starting service [Tomcat]
2022-05-12 08:48:54.583  INFO 27052 --- [restartedMain] org.apache.catalina.core.StandardEngine  : Starting Servlet engine: [Apache Tomcat/9.0.62]
2022-05-12 08:48:54.705  INFO 27052 --- [restartedMain] o.a.c.c.C.[Tomcat].[localhost].[/]       : Initializing Spring embedded WebApplicationContext
2022-05-12 08:48:54.706  INFO 27052 --- [restartedMain] w.s.c.ServletWebServerApplicationContext : Root WebApplicationContext: initialization completed in 1370 ms
2022-05-12 08:48:55.096  INFO 27052 --- [restartedMain] o.hibernate.jpa.internal.util.LogHelper  : HHH000204: Processing PersistenceUnitInfo [name: default]
2022-05-12 08:48:55.195  INFO 27052 --- [restartedMain] org.hibernate.Version                    : HHH000412: Hibernate ORM core version 5.6.8.Final
2022-05-12 08:48:55.361  INFO 27052 --- [restartedMain] o.hibernate.annotations.common.Version   : HCANN000001: Hibernate Commons Annotations {5.1.2.Final}
2022-05-12 08:48:55.453  INFO 27052 --- [restartedMain] com.zaxxer.hikari.HikariDataSource       : HikariPool-1 - Starting...
2022-05-12 08:48:55.804  INFO 27052 --- [restartedMain] com.zaxxer.hikari.HikariDataSource       : HikariPool-1 - Start completed.
2022-05-12 08:48:55.824  INFO 27052 --- [restartedMain] org.hibernate.dialect.Dialect            : HHH000400: Using dialect: org.hibernate.dialect.MySQL5InnoDBDialect
2022-05-12 08:48:56.491  INFO 27052 --- [restartedMain] o.h.e.t.j.p.i.JtaPlatformInitiator       : HHH000490: Using JtaPlatform implementation: [org.hibernate.engine.transaction.jta.platform.internal.NoJtaPlatform]
2022-05-12 08:48:56.496  INFO 27052 --- [restartedMain] j.LocalContainerEntityManagerFactoryBean : Initialized JPA EntityManagerFactory for persistence unit 'default'
2022-05-12 08:48:56.914  WARN 27052 --- [restartedMain] JpaBaseConfiguration$JpaWebConfiguration : spring.jpa.open-in-view is enabled by default. Therefore, database queries may be performed during view rendering. Explicitly configure spring.jpa.open-in-view to disable this warning
2022-05-12 08:48:58.150  INFO 27052 --- [restartedMain] o.s.b.d.a.OptionalLiveReloadServer       : LiveReload server is running on port 35729
2022-05-12 08:48:58.208  INFO 27052 --- [restartedMain] o.s.b.w.embedded.tomcat.TomcatWebServer  : Tomcat started on port(s): 8080 (http) with context path ''
2022-05-12 08:48:58.222  INFO 27052 --- [restartedMain] com.project.music.TrackApplication       : Started TrackApplication in 5.292 seconds (JVM running for 5.628)
2022-05-12 09:01:45.818  INFO 27052 --- [http-nio-8080-exec-1] o.a.c.c.C.[Tomcat].[localhost].[/]       : Initializing Spring DispatcherServlet 'dispatcherServlet'
2022-05-12 09:01:45.819  INFO 27052 --- [http-nio-8080-exec-1] o.s.web.servlet.DispatcherServlet        : Initializing Servlet 'dispatcherServlet'
2022-05-12 09:01:45.821  INFO 27052 --- [http-nio-8080-exec-1] o.s.web.servlet.DispatcherServlet        : Completed initialization in 2 ms
2022-05-12 09:01:49.598  WARN 27052 --- [http-nio-8080-exec-4] .w.s.m.s.DefaultHandlerExceptionResolver : Resolved [org.springframework.web.method.annotation.MethodArgumentTypeMismatchException: Failed to convert value of type 'java.lang.String' to required type 'java.lang.Long'; nested exception is java.lang.NumberFormatException: For input string: "${id}"]
2022-05-12 09:02:16.927  WARN 27052 --- [http-nio-8080-exec-6] .w.s.m.s.DefaultHandlerExceptionResolver : Resolved [org.springframework.web.method.annotation.MethodArgumentTypeMismatchException: Failed to convert value of type 'java.lang.String' to required type 'java.lang.Long'; nested exception is java.lang.NumberFormatException: For input string: "${id}"]
2022-05-12 10:15:58.461  INFO 27052 --- [SpringApplicationShutdownHook] j.LocalContainerEntityManagerFactoryBean : Closing JPA EntityManagerFactory for persistence unit 'default'
2022-05-12 10:15:58.467  INFO 27052 --- [SpringApplicationShutdownHook] com.zaxxer.hikari.HikariDataSource       : HikariPool-1 - Shutdown initiated...
2022-05-12 10:15:58.473  INFO 27052 --- [SpringApplicationShutdownHook] com.zaxxer.hikari.HikariDataSource       : HikariPool-1 - Shutdown completed.
2022-05-12 12:25:42.175  INFO 17300 --- [restartedMain] com.project.music.TrackApplication       : Starting TrackApplication using Java 17.0.2 on DESKTOP-8DTJ75I with PID 17300 (E:\Music-REST-API\target\classes started by NoirPhantom in E:\Music-REST-API)
2022-05-12 12:25:42.238  INFO 17300 --- [restartedMain] com.project.music.TrackApplication       : No active profile set, falling back to 1 default profile: "default"
2022-05-12 12:25:42.281  INFO 17300 --- [restartedMain] .e.DevToolsPropertyDefaultsPostProcessor : Devtools property defaults active! Set 'spring.devtools.add-properties' to 'false' to disable
2022-05-12 12:25:42.282  INFO 17300 --- [restartedMain] .e.DevToolsPropertyDefaultsPostProcessor : For additional web related logging consider setting the 'logging.level.web' property to 'DEBUG'
2022-05-12 12:25:42.919  INFO 17300 --- [restartedMain] .s.d.r.c.RepositoryConfigurationDelegate : Bootstrapping Spring Data JPA repositories in DEFAULT mode.
2022-05-12 12:25:42.971  INFO 17300 --- [restartedMain] .s.d.r.c.RepositoryConfigurationDelegate : Finished Spring Data repository scanning in 43 ms. Found 1 JPA repository interfaces.
2022-05-12 12:25:43.632  INFO 17300 --- [restartedMain] o.s.b.w.embedded.tomcat.TomcatWebServer  : Tomcat initialized with port(s): 8080 (http)
2022-05-12 12:25:43.645  INFO 17300 --- [restartedMain] o.apache.catalina.core.StandardService   : Starting service [Tomcat]
2022-05-12 12:25:43.646  INFO 17300 --- [restartedMain] org.apache.catalina.core.StandardEngine  : Starting Servlet engine: [Apache Tomcat/9.0.62]
2022-05-12 12:25:43.743  INFO 17300 --- [restartedMain] o.a.c.c.C.[Tomcat].[localhost].[/]       : Initializing Spring embedded WebApplicationContext
2022-05-12 12:25:43.744  INFO 17300 --- [restartedMain] w.s.c.ServletWebServerApplicationContext : Root WebApplicationContext: initialization completed in 1461 ms
2022-05-12 12:25:44.067  INFO 17300 --- [restartedMain] o.hibernate.jpa.internal.util.LogHelper  : HHH000204: Processing PersistenceUnitInfo [name: default]
2022-05-12 12:25:44.151  INFO 17300 --- [restartedMain] org.hibernate.Version                    : HHH000412: Hibernate ORM core version 5.6.8.Final
2022-05-12 12:25:44.345  INFO 17300 --- [restartedMain] o.hibernate.annotations.common.Version   : HCANN000001: Hibernate Commons Annotations {5.1.2.Final}
2022-05-12 12:25:44.470  INFO 17300 --- [restartedMain] com.zaxxer.hikari.HikariDataSource       : HikariPool-1 - Starting...
2022-05-12 12:25:44.950  INFO 17300 --- [restartedMain] com.zaxxer.hikari.HikariDataSource       : HikariPool-1 - Start completed.
2022-05-12 12:25:44.968  INFO 17300 --- [restartedMain] org.hibernate.dialect.Dialect            : HHH000400: Using dialect: org.hibernate.dialect.MySQL5InnoDBDialect
2022-05-12 12:25:45.739  INFO 17300 --- [restartedMain] o.h.e.t.j.p.i.JtaPlatformInitiator       : HHH000490: Using JtaPlatform implementation: [org.hibernate.engine.transaction.jta.platform.internal.NoJtaPlatform]
2022-05-12 12:25:45.745  INFO 17300 --- [restartedMain] j.LocalContainerEntityManagerFactoryBean : Initialized JPA EntityManagerFactory for persistence unit 'default'
2022-05-12 12:25:46.131  WARN 17300 --- [restartedMain] JpaBaseConfiguration$JpaWebConfiguration : spring.jpa.open-in-view is enabled by default. Therefore, database queries may be performed during view rendering. Explicitly configure spring.jpa.open-in-view to disable this warning
2022-05-12 12:25:47.211  INFO 17300 --- [restartedMain] o.s.b.d.a.OptionalLiveReloadServer       : LiveReload server is running on port 35729
2022-05-12 12:25:47.273  INFO 17300 --- [restartedMain] o.s.b.w.embedded.tomcat.TomcatWebServer  : Tomcat started on port(s): 8080 (http) with context path ''
2022-05-12 12:25:47.285  INFO 17300 --- [restartedMain] com.project.music.TrackApplication       : Started TrackApplication in 5.537 seconds (JVM running for 5.918)
2022-05-12 12:27:50.723  INFO 17300 --- [http-nio-8080-exec-2] o.a.c.c.C.[Tomcat].[localhost].[/]       : Initializing Spring DispatcherServlet 'dispatcherServlet'
2022-05-12 12:27:50.724  INFO 17300 --- [http-nio-8080-exec-2] o.s.web.servlet.DispatcherServlet        : Initializing Servlet 'dispatcherServlet'
2022-05-12 12:27:50.726  INFO 17300 --- [http-nio-8080-exec-2] o.s.web.servlet.DispatcherServlet        : Completed initialization in 2 ms
2022-05-12 15:44:01.150  INFO 17300 --- [SpringApplicationShutdownHook] j.LocalContainerEntityManagerFactoryBean : Closing JPA EntityManagerFactory for persistence unit 'default'
2022-05-12 15:44:01.523  INFO 17300 --- [SpringApplicationShutdownHook] com.zaxxer.hikari.HikariDataSource       : HikariPool-1 - Shutdown initiated...
2022-05-12 15:44:01.635  INFO 17300 --- [SpringApplicationShutdownHook] com.zaxxer.hikari.HikariDataSource       : HikariPool-1 - Shutdown completed.
